#-----------------------------------------------------------
# Vivado v2017.3 (64-bit)
# SW Build 2018833 on Wed Oct  4 19:58:22 MDT 2017
# IP Build 2016188 on Wed Oct  4 21:52:56 MDT 2017
# Start of session at: Fri Nov 11 15:51:50 2022
# Process ID: 13928
# Current directory: C:/Users/we/OneDrive - cs.ccu.edu.tw/大學課程/111-1/計算機組織/2022 CS COLAB3/CO_HW/COLAB3-2
# Command line: vivado.exe -gui_launcher_event rodinguilauncherevent26860 C:\Users\we\OneDrive - cs.ccu.edu.tw\大學課程\111-1\計算機組織\2022 CS COLAB3\CO_HW\COLAB3-2\project_1.xpr
# Log file: C:/Users/we/OneDrive - cs.ccu.edu.tw/大學課程/111-1/計算機組織/2022 CS COLAB3/CO_HW/COLAB3-2/vivado.log
# Journal file: C:/Users/we/OneDrive - cs.ccu.edu.tw/大學課程/111-1/計算機組織/2022 CS COLAB3/CO_HW/COLAB3-2\vivado.jou
#-----------------------------------------------------------
start_gui
open_project {C:/Users/we/OneDrive - cs.ccu.edu.tw/大學課程/111-1/計算機組織/2022 CS COLAB3/CO_HW/COLAB3-2/project_1.xpr}
INFO: [ProjectBase 1-489] The host OS only allows 260 characters in a normal path. The project is stored in a path with more than 80 characters. If you experience issues with IP, Block Designs, or files not being found, please consider moving the project to a location with a shorter path. Alternately consider using the OS subst command to map part of the path to a drive letter.
Current project path is 'C:/Users/we/OneDrive - cs.ccu.edu.tw/大學課程/111-1/計算機組織/2022 CS COLAB3/CO_HW/COLAB3-2'
INFO: [Project 1-313] Project file moved from 'C:/Users/we/Desktop/COLAB3-2' since last save.
Scanning sources...
Finished scanning sources
INFO: [IP_Flow 19-234] Refreshing IP repositories
INFO: [IP_Flow 19-1704] No user IP repositories specified
INFO: [IP_Flow 19-2313] Loaded Vivado IP repository 'C:/Xilinx/Vivado/2017.3/data/ip'.
update_compile_order -fileset sources_1
reset_run impl_1 -prev_step 
launch_runs impl_1 -to_step write_bitstream -jobs 6
[Fri Nov 11 15:52:34 2022] Launched impl_1...
Run output will be captured here: C:/Users/we/OneDrive - cs.ccu.edu.tw/大學課程/111-1/計算機組織/2022 CS COLAB3/CO_HW/COLAB3-2/project_1.runs/impl_1/runme.log
open_hw
connect_hw_server
INFO: [Labtools 27-2285] Connecting to hw_server url TCP:localhost:3121
INFO: [Labtools 27-2222] Launching hw_server...
INFO: [Labtools 27-2221] Launch Output:

****** Xilinx hw_server v2017.3
  **** Build date : Oct  4 2017-20:12:17
    ** Copyright 1986-2017 Xilinx, Inc. All Rights Reserved.


open_hw_target
INFO: [Labtoolstcl 44-466] Opening hw_target localhost:3121/xilinx_tcf/Digilent/210292743409A
set_property PROGRAM.FILE {C:/Users/we/OneDrive - cs.ccu.edu.tw/大學課程/111-1/計算機組織/2022 CS COLAB3/CO_HW/COLAB3-2/project_1.runs/impl_1/testbench2.bit} [get_hw_devices xc7a100t_0]
current_hw_device [get_hw_devices xc7a100t_0]
refresh_hw_device -update_hw_probes false [lindex [get_hw_devices xc7a100t_0] 0]
INFO: [Labtools 27-1435] Device xc7a100t (JTAG device index = 0) is not programmed (DONE status = 0).
exit
INFO: [Common 17-206] Exiting Vivado at Fri Nov 11 15:54:19 2022...
