#-----------------------------------------------------------
# Vivado v2017.3 (64-bit)
# SW Build 2018833 on Wed Oct  4 19:58:22 MDT 2017
# IP Build 2016188 on Wed Oct  4 21:52:56 MDT 2017
# Start of session at: Sun Nov  6 00:32:25 2022
# Process ID: 12432
# Current directory: E:/いタ河/河GW/CO U毙/2022 CS COLAB3/CO_LAB3-2/project_1
# Command line: vivado.exe -gui_launcher_event rodinguilauncherevent5248 E:\いタ河\河GW\CO U毙\2022 CS COLAB3\CO_LAB3-2\project_1\project_1.xpr
# Log file: E:/いタ河/河GW/CO U毙/2022 CS COLAB3/CO_LAB3-2/project_1/vivado.log
# Journal file: E:/いタ河/河GW/CO U毙/2022 CS COLAB3/CO_LAB3-2/project_1\vivado.jou
#-----------------------------------------------------------
start_gui
open_project {E:/いタ河/河GW/CO U毙/2022 CS COLAB3/CO_LAB3-2/project_1/project_1.xpr}
INFO: [Project 1-313] Project file moved from 'C:/Users/ECL_LAB/Desktop/LAB3-2 answer/project_1' since last save.
Scanning sources...
Finished scanning sources
INFO: [IP_Flow 19-234] Refreshing IP repositories
INFO: [IP_Flow 19-1704] No user IP repositories specified
INFO: [IP_Flow 19-2313] Loaded Vivado IP repository 'D:/Xilinx/Vivado/2017.3/data/ip'.
open_project: Time (s): cpu = 00:00:12 ; elapsed = 00:00:07 . Memory (MB): peak = 846.941 ; gain = 73.344
update_compile_order -fileset sources_1
exit
INFO: [Common 17-206] Exiting Vivado at Sun Nov  6 00:34:37 2022...
